Release 14.7 Map P.20131013 (lin64)
Xilinx Mapping Report File for Design 'mojo_top_0'

Design Information
------------------
Command Line   : map -intstyle pa -w -pr b -mt on mojo_top_0.ngd 
Target Device  : xc6slx9
Target Package : tqg144
Target Speed   : -2
Mapper Version : spartan6 -- $Revision: 1.55 $
Mapped Date    : Sun Sep 15 22:09:00 2019

Design Summary
--------------
Number of errors:      0
Number of warnings:    1
Slice Logic Utilization:
  Number of Slice Registers:                   950 out of  11,440    8%
    Number used as Flip Flops:                 932
    Number used as Latches:                      0
    Number used as Latch-thrus:                  0
    Number used as AND/OR logics:               18
  Number of Slice LUTs:                      3,098 out of   5,720   54%
    Number used as logic:                    2,984 out of   5,720   52%
      Number using O6 output only:           1,712
      Number using O5 output only:             206
      Number using O5 and O6:                1,066
      Number used as ROM:                        0
    Number used as Memory:                      48 out of   1,440    3%
      Number used as Dual Port RAM:             48
        Number using O6 output only:            16
        Number using O5 output only:             0
        Number using O5 and O6:                 32
      Number used as Single Port RAM:            0
      Number used as Shift Register:             0
    Number used exclusively as route-thrus:     66
      Number with same-slice register load:      0
      Number with same-slice carry load:        66
      Number with other load:                    0

Slice Logic Distribution:
  Number of occupied Slices:                   868 out of   1,430   60%
  Number of MUXCYs used:                     2,596 out of   2,860   90%
  Number of LUT Flip Flop pairs used:        3,121
    Number with an unused Flip Flop:         2,182 out of   3,121   69%
    Number with an unused LUT:                  23 out of   3,121    1%
    Number of fully used LUT-FF pairs:         916 out of   3,121   29%
    Number of unique control sets:              21
    Number of slice register sites lost
      to control set restrictions:              76 out of  11,440    1%

  A LUT Flip Flop pair for this architecture represents one LUT paired with
  one Flip Flop within a slice.  A control set is a unique combination of
  clock, reset, set, and enable signals for a registered element.
  The Slice Logic Distribution report is not meaningful if the design is
  over-mapped for a non-slice resource or if Placement fails.

IO Utilization:
  Number of bonded IOBs:                        24 out of     102   23%
    Number of LOCed IOBs:                       24 out of      24  100%
    IOB Flip Flops:                              5

Specific Feature Utilization:
  Number of RAMB16BWERs:                         0 out of      32    0%
  Number of RAMB8BWERs:                         32 out of      64   50%
  Number of BUFIO2/BUFIO2_2CLKs:                 0 out of      32    0%
  Number of BUFIO2FB/BUFIO2FB_2CLKs:             0 out of      32    0%
  Number of BUFG/BUFGMUXs:                       3 out of      16   18%
    Number used as BUFGs:                        3
    Number used as BUFGMUX:                      0
  Number of DCM/DCM_CLKGENs:                     0 out of       4    0%
  Number of ILOGIC2/ISERDES2s:                   3 out of     200    1%
    Number used as ILOGIC2s:                     3
    Number used as ISERDES2s:                    0
  Number of IODELAY2/IODRP2/IODRP2_MCBs:         0 out of     200    0%
  Number of OLOGIC2/OSERDES2s:                   2 out of     200    1%
    Number used as OLOGIC2s:                     2
    Number used as OSERDES2s:                    0
  Number of BSCANs:                              0 out of       4    0%
  Number of BUFHs:                               0 out of     128    0%
  Number of BUFPLLs:                             0 out of       8    0%
  Number of BUFPLL_MCBs:                         0 out of       4    0%
  Number of DSP48A1s:                           16 out of      16  100%
  Number of ICAPs:                               0 out of       1    0%
  Number of MCBs:                                0 out of       2    0%
  Number of PCILOGICSEs:                         0 out of       2    0%
  Number of PLL_ADVs:                            0 out of       2    0%
  Number of PMVs:                                0 out of       1    0%
  Number of STARTUPs:                            0 out of       1    0%
  Number of SUSPEND_SYNCs:                       0 out of       1    0%

Average Fanout of Non-Clock Nets:                3.07

Peak Memory Usage:  837 MB
Total REAL time to MAP completion:  22 secs 
Total CPU time to MAP completion (all processors):   22 secs 

Table of Contents
-----------------
Section 1 - Errors
Section 2 - Warnings
Section 3 - Informational
Section 4 - Removed Logic Summary
Section 5 - Removed Logic
Section 6 - IOB Properties
Section 7 - RPMs
Section 8 - Guide Report
Section 9 - Area Group and Partition Summary
Section 10 - Timing Report
Section 11 - Configuration String Information
Section 12 - Control Set Information
Section 13 - Utilization by Hierarchy

Section 1 - Errors
------------------

Section 2 - Warnings
--------------------
WARNING:PhysDesignRules:2410 - This design is using one or more 9K Block RAMs
   (RAMB8BWER).  9K Block RAM initialization data, both user defined and
   default, may be incorrect and should not be used.  For more information,
   please reference Xilinx Answer Record 39999.

Section 3 - Informational
-------------------------
INFO:Map:284 - Map is running with the multi-threading option on. Map currently
   supports the use of up to 2 processors. Based on the the user options and
   machine load, Map will use 2 processors during this run.
INFO:LIT:243 - Logical network avr_rx_busy_IBUF has no load.
INFO:LIT:395 - The above info message is repeated 1 more times for the following
   (max. 5 shown):
   avr_tx_IBUF
   To see the details of these info messages, please use the -detail switch.
INFO:MapLib:562 - No environment variables are currently set.
INFO:LIT:244 - All of the single ended outputs in this design are using slew
   rate limited output drivers. The delay on speed critical single ended outputs
   can be dramatically reduced by designating them as fast outputs.
INFO:Pack:1716 - Initializing temperature to 85.000 Celsius. (default - Range:
   0.000 to 85.000 Celsius)
INFO:Pack:1720 - Initializing voltage to 1.140 Volts. (default - Range: 1.140 to
   1.260 Volts)
INFO:Map:215 - The Interim Design Summary has been generated in the MAP Report
   (.mrp).
INFO:Pack:1650 - Map created a placed design.

Section 4 - Removed Logic Summary
---------------------------------
  71 block(s) optimized away

Section 5 - Removed Logic
-------------------------

Optimized Block(s):
TYPE 		BLOCK
GND 		XST_GND
VCC 		XST_VCC
GND 		avr_interface/cclk_detector/XST_GND
VCC 		sine/CC
GND 		sine/ND
GND 		transform/CSumSRAM[0].C_SRAM/XST_GND
VCC 		transform/CSumSRAM[0].C_SRAM/XST_VCC
GND 		transform/CSumSRAM[10].C_SRAM/XST_GND
VCC 		transform/CSumSRAM[10].C_SRAM/XST_VCC
GND 		transform/CSumSRAM[11].C_SRAM/XST_GND
VCC 		transform/CSumSRAM[11].C_SRAM/XST_VCC
GND 		transform/CSumSRAM[12].C_SRAM/XST_GND
VCC 		transform/CSumSRAM[12].C_SRAM/XST_VCC
GND 		transform/CSumSRAM[13].C_SRAM/XST_GND
VCC 		transform/CSumSRAM[13].C_SRAM/XST_VCC
GND 		transform/CSumSRAM[14].C_SRAM/XST_GND
VCC 		transform/CSumSRAM[14].C_SRAM/XST_VCC
GND 		transform/CSumSRAM[15].C_SRAM/XST_GND
VCC 		transform/CSumSRAM[15].C_SRAM/XST_VCC
GND 		transform/CSumSRAM[1].C_SRAM/XST_GND
VCC 		transform/CSumSRAM[1].C_SRAM/XST_VCC
GND 		transform/CSumSRAM[2].C_SRAM/XST_GND
VCC 		transform/CSumSRAM[2].C_SRAM/XST_VCC
GND 		transform/CSumSRAM[3].C_SRAM/XST_GND
VCC 		transform/CSumSRAM[3].C_SRAM/XST_VCC
GND 		transform/CSumSRAM[4].C_SRAM/XST_GND
VCC 		transform/CSumSRAM[4].C_SRAM/XST_VCC
GND 		transform/CSumSRAM[5].C_SRAM/XST_GND
VCC 		transform/CSumSRAM[5].C_SRAM/XST_VCC
GND 		transform/CSumSRAM[6].C_SRAM/XST_GND
VCC 		transform/CSumSRAM[6].C_SRAM/XST_VCC
GND 		transform/CSumSRAM[7].C_SRAM/XST_GND
VCC 		transform/CSumSRAM[7].C_SRAM/XST_VCC
GND 		transform/CSumSRAM[8].C_SRAM/XST_GND
VCC 		transform/CSumSRAM[8].C_SRAM/XST_VCC
GND 		transform/CSumSRAM[9].C_SRAM/XST_GND
VCC 		transform/CSumSRAM[9].C_SRAM/XST_VCC
GND 		transform/SSumSRAM[0].S_SRAM/XST_GND
VCC 		transform/SSumSRAM[0].S_SRAM/XST_VCC
GND 		transform/SSumSRAM[10].S_SRAM/XST_GND
VCC 		transform/SSumSRAM[10].S_SRAM/XST_VCC
GND 		transform/SSumSRAM[11].S_SRAM/XST_GND
VCC 		transform/SSumSRAM[11].S_SRAM/XST_VCC
GND 		transform/SSumSRAM[12].S_SRAM/XST_GND
VCC 		transform/SSumSRAM[12].S_SRAM/XST_VCC
GND 		transform/SSumSRAM[13].S_SRAM/XST_GND
VCC 		transform/SSumSRAM[13].S_SRAM/XST_VCC
GND 		transform/SSumSRAM[14].S_SRAM/XST_GND
VCC 		transform/SSumSRAM[14].S_SRAM/XST_VCC
GND 		transform/SSumSRAM[15].S_SRAM/XST_GND
VCC 		transform/SSumSRAM[15].S_SRAM/XST_VCC
GND 		transform/SSumSRAM[1].S_SRAM/XST_GND
VCC 		transform/SSumSRAM[1].S_SRAM/XST_VCC
GND 		transform/SSumSRAM[2].S_SRAM/XST_GND
VCC 		transform/SSumSRAM[2].S_SRAM/XST_VCC
GND 		transform/SSumSRAM[3].S_SRAM/XST_GND
VCC 		transform/SSumSRAM[3].S_SRAM/XST_VCC
GND 		transform/SSumSRAM[4].S_SRAM/XST_GND
VCC 		transform/SSumSRAM[4].S_SRAM/XST_VCC
GND 		transform/SSumSRAM[5].S_SRAM/XST_GND
VCC 		transform/SSumSRAM[5].S_SRAM/XST_VCC
GND 		transform/SSumSRAM[6].S_SRAM/XST_GND
VCC 		transform/SSumSRAM[6].S_SRAM/XST_VCC
GND 		transform/SSumSRAM[7].S_SRAM/XST_GND
VCC 		transform/SSumSRAM[7].S_SRAM/XST_VCC
GND 		transform/SSumSRAM[8].S_SRAM/XST_GND
VCC 		transform/SSumSRAM[8].S_SRAM/XST_VCC
GND 		transform/SSumSRAM[9].S_SRAM/XST_GND
VCC 		transform/SSumSRAM[9].S_SRAM/XST_VCC
GND 		transform/XST_GND
VCC 		transform/XST_VCC

To enable printing of redundant blocks removed and signals merged, set the
detailed map report option and rerun map.

Section 6 - IOB Properties
--------------------------

+---------------------------------------------------------------------------------------------------------------------------------------------------------+
| IOB Name                           | Type             | Direction | IO Standard          | Diff  | Drive    | Slew | Reg (s)      | Resistor | IOB      |
|                                    |                  |           |                      | Term  | Strength | Rate |              |          | Delay    |
+---------------------------------------------------------------------------------------------------------------------------------------------------------+
| TX                                 | IOB              | OUTPUT    | LVTTL                |       | 12       | SLOW | OFF          |          |          |
| avr_rx                             | IOB              | OUTPUT    | LVTTL                |       | 12       | SLOW |              |          |          |
| avr_rx_busy                        | IOB              | INPUT     | LVTTL                |       |          |      |              |          |          |
| avr_tx                             | IOB              | INPUT     | LVTTL                |       |          |      |              |          |          |
| cclk                               | IOB              | INPUT     | LVTTL                |       |          |      |              |          |          |
| check                              | IOB              | OUTPUT    | LVTTL                |       | 12       | SLOW |              |          |          |
| clk                                | IOB              | INPUT     | LVTTL                |       |          |      |              |          |          |
| led[0]                             | IOB              | OUTPUT    | LVTTL                |       | 12       | SLOW |              |          |          |
| led[1]                             | IOB              | OUTPUT    | LVTTL                |       | 12       | SLOW |              |          |          |
| led[2]                             | IOB              | OUTPUT    | LVTTL                |       | 12       | SLOW |              |          |          |
| led[3]                             | IOB              | OUTPUT    | LVTTL                |       | 12       | SLOW |              |          |          |
| led[4]                             | IOB              | OUTPUT    | LVTTL                |       | 12       | SLOW |              |          |          |
| led[5]                             | IOB              | OUTPUT    | LVTTL                |       | 12       | SLOW |              |          |          |
| led[6]                             | IOB              | OUTPUT    | LVTTL                |       | 12       | SLOW |              |          |          |
| led[7]                             | IOB              | OUTPUT    | LVTTL                |       | 12       | SLOW |              |          |          |
| rst_n                              | IOB              | INPUT     | LVTTL                |       |          |      |              |          |          |
| spi_channel[0]                     | IOB              | OUTPUT    | LVTTL                |       | 12       | SLOW |              |          |          |
| spi_channel[1]                     | IOB              | OUTPUT    | LVTTL                |       | 12       | SLOW |              |          |          |
| spi_channel[2]                     | IOB              | OUTPUT    | LVTTL                |       | 12       | SLOW |              |          |          |
| spi_channel[3]                     | IOB              | OUTPUT    | LVTTL                |       | 12       | SLOW |              |          |          |
| spi_miso                           | IOB              | OUTPUT    | LVTTL                |       | 12       | SLOW | OFF          |          |          |
| spi_mosi                           | IOB              | INPUT     | LVTTL                |       |          |      | IFF          |          |          |
| spi_sck                            | IOB              | INPUT     | LVTTL                |       |          |      | IFF          |          |          |
| spi_ss                             | IOB              | INPUT     | LVTTL                |       |          |      | IFF          |          |          |
+---------------------------------------------------------------------------------------------------------------------------------------------------------+

Section 7 - RPMs
----------------

Section 8 - Guide Report
------------------------
Guide not run on this design.

Section 9 - Area Group and Partition Summary
--------------------------------------------

Partition Implementation Status
-------------------------------

  No Partitions were found in this design.

-------------------------------

Area Group Information
----------------------

  No area groups were found in this design.

----------------------

Section 10 - Timing Report
--------------------------
A logic-level (pre-route) timing report can be generated by using Xilinx static
timing analysis tools, Timing Analyzer (GUI) or TRCE (command line), with the
mapped NCD and PCF files. Please note that this timing report will be generated
using estimated delay information. For accurate numbers, please generate a
timing report with the post Place and Route NCD file.

For more information about the Timing Analyzer, consult the Xilinx Timing
Analyzer Reference Manual; for more information about TRCE, consult the Xilinx
Command Line Tools User Guide "TRACE" chapter.

Section 11 - Configuration String Details
-----------------------------------------
Use the "-detail" map option to print out Configuration Strings

Section 12 - Control Set Information
------------------------------------
Use the "-detail" map option to print out Control Set Information.

Section 13 - Utilization by Hierarchy
-------------------------------------
Use the "-detail" map option to print out the Utilization by Hierarchy section.
